
12:18:39.017 [info] Loading 144 CA(s) from :otp store

12:18:39.135 id=1 [debug] handled request client -> server initialize in 67ms

12:18:39.140 [debug] sent notification server -> client window/logMessage

12:18:39.142 [debug] handled notification client -> server textDocument/didOpen in 4ms

12:18:39.144 [debug] NextLS v0.23.4 has initialized!

12:18:39.144 [debug] sent notification server -> client window/logMessage

12:18:39.144 [debug] Log file located at /home/rl/work/github.com/reckon-db-org/reckon-evoq/.elixir-tools/next-ls.log

12:18:39.148 [debug] sent notification server -> client window/logMessage

12:18:39.148 [info] [extension] Credo initializing with options %NextLS.InitOpts.Extensions.Credo{enable: true, cli_options: []}

12:18:39.157 id=2 [debug] handled request client -> server textDocument/documentSymbol in 18ms

12:18:40.606 id=3 [debug] handled request client -> server textDocument/documentSymbol in 1ms

12:18:41.224 [debug] sent notification server -> client window/logMessage

12:18:41.224 [debug] Booting runtimes...

12:18:41.228 id=6663 [debug] sent request server -> client window/workDoneProgress/create

12:18:41.229 [debug] sent notification server -> client $/progress

12:18:41.247 [debug] sent notification server -> client window/logMessage

12:18:41.247 [info] Beginning DB migration...

12:18:41.251 [debug] sent notification server -> client window/logMessage

12:18:41.251 [info] Database is on the latest version: 7

12:18:41.251 [debug] sent notification server -> client window/logMessage

12:18:41.251 [info] Finished DB migration...

12:18:41.251 [debug] sent notification server -> client window/logMessage

12:18:41.251 [info] Booting runtime for system.

- elixir: /home/rl/.asdf/shims/elixir
- zombie wrapper script: /home/rl/.local/share/.burrito/next_ls_erts-15.2_0.23.4/lib/next_ls-0.23.4/priv/cmd
- working_dir: /home/rl/work/github.com/macula-io/macula-console/system
- command: /home/rl/.asdf/shims/elixir --no-halt --sname nextls-runtime-1768907921251087448 --cookie HHYKTHK2JHVUZI3HDBMAF64GPJFPN4AV4Y7CQDE27SSFQKZPVAFQ==== -S mix loadpaths --no-compile

Environment: 

LSP=nextls
NEXTLS_PARENT_PID=g1h3Im5leHQtbHMtMTc2ODkwNzkxOTAyNjY2NzQ1OUBob3N0MDAAAADpAAAAAGlvZJA=
MIX_ENV=dev
MIX_TARGET=host
MIX_BUILD_ROOT=.elixir-tools/_build
ROOTDIR=false
BINDIR=false
RELEASE_ROOT=false
RELEASE_SYS_CONFIG=false
PATH=/home/rl/.asdf/shims:/home/rl/.local/share/.burrito/next_ls_erts-15.2_0.23.4/bin:/home/rl/.local/share/nvim/mason/bin:/home/rl/.asdf/installs/rust/1.90.0/bin:/home/rl/.asdf/shims:/usr/lib/ccache/bin/:/home/rl/.local/bin:/usr/local/sbin:/usr/local/bin:/usr/bin:/var/lib/flatpak/exports/bin:/usr/bin/site_perl:/usr/bin/vendor_perl:/usr/bin/core_perl:/home/rl/go/bin:/opt/nvim-linux64/bin


12:18:41.251 [debug] handled notification client -> server initialized in 2114ms

12:18:41.829 [debug] sent notification server -> client window/logMessage

12:18:41.829 [info] ** (ArgumentError) The module Phoenix.CodeReloader was given as a child to a supervisor but it does not exist
    (elixir 1.19.2) lib/supervisor.ex:814: Supervisor.init_child/1
    (elixir 1.19.2) lib/supervisor.ex:922: Supervisor.child_spec/2
    (elixir 1.19.2) lib/enum.ex:1688: Enum."-map/2-lists^map/1-1-"/2
    (mix 1.19.2) lib/mix/pubsub.ex:80: Mix.PubSub.listener_supervisor/0
    (mix 1.19.2) lib/mix/pubsub.ex:62: Mix.PubSub.start_listeners/0
    (mix 1.19.2) lib/mix/tasks/deps.loadpaths.ex:83: Mix.Tasks.Deps.Loadpaths.run/1
    (mix 1.19.2) lib/mix/task.ex:499: anonymous fn/3 in Mix.Task.run_task/5
    (mix 1.19.2) lib/mix/tasks/loadpaths.ex:43: Mix.Tasks.Loadpaths.run/1


12:18:41.835 [debug] sent notification server -> client $/progress

12:18:41.836 [debug] sent notification server -> client window/logMessage

12:18:41.836 [error] Runtime for folder system failed to initialize

12:18:41.837 [debug] sent notification server -> client window/logMessage

12:18:41.837 [info] The runtime for system has successfully shut down.
